  Determining projects to restore...
  All projects are up-to-date for restore.
  POS.Contract -> F:\PointOfSaleProject\src\Contract.Common\bin\Debug\net8.0\POS.Contract.dll
  POS.Authorization -> F:\PointOfSaleProject\src\POS.Authorization\bin\Debug\net8.0\POS.Authorization.dll
  POS.Reports -> F:\PointOfSaleProject\src\POS.Reports\bin\Debug\net8.0\POS.Reports.dll
  BlazorBase -> F:\PointOfSaleProject\src\Common\BlazorBase\bin\Debug\net8.0\BlazorBase.dll
  POS.Core -> F:\PointOfSaleProject\src\POS.Core\bin\Debug\net8.0\POS.Core.dll
  Pos.Repository -> F:\PointOfSaleProject\src\Pos.Repository\bin\Debug\net8.0\Pos.Repository.dll
  POS.Services -> F:\PointOfSaleProject\src\POS.Services\bin\Debug\net8.0\POS.Services.dll
F:\PointOfSaleProject\src\POS.Desktop\Components\Pages\DineInOrderPages\DineIn.razor.cs(83,60): error CS8641: 'else' cannot start a statement. [F:\PointOfSaleProject\src\POS.Desktop\POS.Desktop_etb1dbjs_wpftmp.csproj]
F:\PointOfSaleProject\src\POS.Desktop\Components\Pages\DineInOrderPages\DineIn.razor.cs(83,60): error CS1003: Syntax error, '(' expected [F:\PointOfSaleProject\src\POS.Desktop\POS.Desktop_etb1dbjs_wpftmp.csproj]
F:\PointOfSaleProject\src\POS.Desktop\Components\Pages\DineInOrderPages\DineIn.razor.cs(83,60): error CS1525: Invalid expression term 'else' [F:\PointOfSaleProject\src\POS.Desktop\POS.Desktop_etb1dbjs_wpftmp.csproj]
F:\PointOfSaleProject\src\POS.Desktop\Components\Pages\DineInOrderPages\DineIn.razor.cs(83,60): error CS1026: ) expected [F:\PointOfSaleProject\src\POS.Desktop\POS.Desktop_etb1dbjs_wpftmp.csproj]
F:\PointOfSaleProject\src\POS.Desktop\Components\Pages\DineInOrderPages\DineIn.razor.cs(83,60): error CS1002: ; expected [F:\PointOfSaleProject\src\POS.Desktop\POS.Desktop_etb1dbjs_wpftmp.csproj]
F:\PointOfSaleProject\src\POS.Desktop\Components\Pages\DineInOrderPages\DineIn.razor.cs(105,6): error CS1513: } expected [F:\PointOfSaleProject\src\POS.Desktop\POS.Desktop_etb1dbjs_wpftmp.csproj]
F:\PointOfSaleProject\src\ERPFront\Components\Pages\DineInOrderPages\DineIn.razor.cs(34,59): warning CS8714: The type 'T' cannot be used as type parameter 'TKey' in the generic type or method 'Dictionary<TKey, TValue>'. Nullability of type argument 'T' doesn't match 'notnull' constraint. [F:\PointOfSaleProject\src\ERPFront\ERPFront.csproj]
F:\PointOfSaleProject\src\ERPFront\Components\Pages\DineInOrderPages\DineIn.razor.cs(34,124): warning CS8714: The type 'T' cannot be used as type parameter 'TKey' in the generic type or method 'Dictionary<TKey, TValue>'. Nullability of type argument 'T' doesn't match 'notnull' constraint. [F:\PointOfSaleProject\src\ERPFront\ERPFront.csproj]
F:\PointOfSaleProject\src\ERPFront\Components\Pages\DineInOrderPages\DineIn.razor.cs(72,53): warning CS8714: The type 'T' cannot be used as type parameter 'TKey' in the generic type or method 'Dictionary<TKey, TValue>'. Nullability of type argument 'T' doesn't match 'notnull' constraint. [F:\PointOfSaleProject\src\ERPFront\ERPFront.csproj]
F:\PointOfSaleProject\src\ERPFront\Auth\CustomAuthenticationStateProvider.cs(47,23): warning CS1998: This async method lacks 'await' operators and will run synchronously. Consider using the 'await' operator to await non-blocking API calls, or 'await Task.Run(...)' to do CPU-bound work on a background thread. [F:\PointOfSaleProject\src\ERPFront\ERPFront.csproj]
F:\PointOfSaleProject\src\ERPFront\Auth\CustomAuthenticationStateProvider.cs(104,23): warning CS1998: This async method lacks 'await' operators and will run synchronously. Consider using the 'await' operator to await non-blocking API calls, or 'await Task.Run(...)' to do CPU-bound work on a background thread. [F:\PointOfSaleProject\src\ERPFront\ERPFront.csproj]
F:\PointOfSaleProject\src\ERPFront\Components\DineInComponents\MenuButtons.razor.cs(7,96): error CS1503: Argument 2: cannot convert from 'out BlazorBase.Models.DineInOrderDetails' to 'out System.Collections.Generic.List<BlazorBase.Models.DineInOrderDetails>' [F:\PointOfSaleProject\src\ERPFront\ERPFront.csproj]
F:\PointOfSaleProject\src\ERPFront\Components\DineInComponents\MenuButtons.razor.cs(10,38): warning CS8604: Possible null reference argument for parameter 'dineInOrderDetails' in 'void MenuButtons.UpdateCurrentDineInOrder(DineInOrderDetails dineInOrderDetails)'. [F:\PointOfSaleProject\src\ERPFront\ERPFront.csproj]
F:\PointOfSaleProject\src\ERPFront\Components\DineInComponents\MergeTables.razor(58,53): error CS1061: 'List<DineInOrderDetails>' does not contain a definition for 'RelatedTableName' and no accessible extension method 'RelatedTableName' accepting a first argument of type 'List<DineInOrderDetails>' could be found (are you missing a using directive or an assembly reference?) [F:\PointOfSaleProject\src\ERPFront\ERPFront.csproj]
F:\PointOfSaleProject\src\ERPFront\Components\DineInComponents\MenuButtons.razor.cs(82,34): error CS1061: 'List<DineInOrderDetails>' does not contain a definition for 'BasicOrderDetails' and no accessible extension method 'BasicOrderDetails' accepting a first argument of type 'List<DineInOrderDetails>' could be found (are you missing a using directive or an assembly reference?) [F:\PointOfSaleProject\src\ERPFront\ERPFront.csproj]
F:\PointOfSaleProject\src\ERPFront\Components\DineInComponents\MenuButtons.razor.cs(84,34): error CS1061: 'List<DineInOrderDetails>' does not contain a definition for 'BasicOrderDetails' and no accessible extension method 'BasicOrderDetails' accepting a first argument of type 'List<DineInOrderDetails>' could be found (are you missing a using directive or an assembly reference?) [F:\PointOfSaleProject\src\ERPFront\ERPFront.csproj]
F:\PointOfSaleProject\src\ERPFront\Components\DineInComponents\MenuButtons.razor.cs(85,34): error CS1061: 'List<DineInOrderDetails>' does not contain a definition for 'BasicOrderDetails' and no accessible extension method 'BasicOrderDetails' accepting a first argument of type 'List<DineInOrderDetails>' could be found (are you missing a using directive or an assembly reference?) [F:\PointOfSaleProject\src\ERPFront\ERPFront.csproj]
F:\PointOfSaleProject\src\ERPFront\Components\DineInComponents\MenuButtons.razor.cs(85,71): error CS1061: 'List<DineInOrderDetails>' does not contain a definition for 'BasicOrderDetails' and no accessible extension method 'BasicOrderDetails' accepting a first argument of type 'List<DineInOrderDetails>' could be found (are you missing a using directive or an assembly reference?) [F:\PointOfSaleProject\src\ERPFront\ERPFront.csproj]
F:\PointOfSaleProject\src\ERPFront\Components\DineInComponents\MenuButtons.razor.cs(88,30): error CS1061: 'List<DineInOrderDetails>' does not contain a definition for 'RelatedTableName' and no accessible extension method 'RelatedTableName' accepting a first argument of type 'List<DineInOrderDetails>' could be found (are you missing a using directive or an assembly reference?) [F:\PointOfSaleProject\src\ERPFront\ERPFront.csproj]
F:\PointOfSaleProject\src\ERPFront\Components\DineInComponents\MenuButtons.razor.cs(88,66): error CS1061: 'List<DineInOrderDetails>' does not contain a definition for 'RelatedTableName' and no accessible extension method 'RelatedTableName' accepting a first argument of type 'List<DineInOrderDetails>' could be found (are you missing a using directive or an assembly reference?) [F:\PointOfSaleProject\src\ERPFront\ERPFront.csproj]
F:\PointOfSaleProject\src\ERPFront\Components\Pages\DineInOrderPages\DineIn.razor.cs(121,9): error CS0103: The name '_services' does not exist in the current context [F:\PointOfSaleProject\src\ERPFront\ERPFront.csproj]
F:\PointOfSaleProject\src\ERPFront\Components\Pages\DineInOrderPages\DineIn.razor.cs(112,13): warning CS8604: Possible null reference argument for parameter 'source' in 'IEnumerable<TableItem> Enumerable.Select<TableItem, TableItem>(IEnumerable<TableItem> source, Func<TableItem, TableItem> selector)'. [F:\PointOfSaleProject\src\ERPFront\ERPFront.csproj]
F:\PointOfSaleProject\src\ERPFront\Components\DineInComponents\TransferTable.razor.cs(17,53): error CS1061: 'List<DineInOrderDetails>' does not contain a definition for 'RelatedTableName' and no accessible extension method 'RelatedTableName' accepting a first argument of type 'List<DineInOrderDetails>' could be found (are you missing a using directive or an assembly reference?) [F:\PointOfSaleProject\src\ERPFront\ERPFront.csproj]
F:\PointOfSaleProject\src\ERPFront\Components\Pages\DineInOrderPages\DineIn.razor.cs(128,28): error CS0103: The name '_dialogService' does not exist in the current context [F:\PointOfSaleProject\src\ERPFront\ERPFront.csproj]
F:\PointOfSaleProject\src\ERPFront\Components\Pages\DineInOrderPages\DineIn.razor.cs(128,53): error CS0246: The type or namespace name 'MultipleOrdersDialog' could not be found (are you missing a using directive or an assembly reference?) [F:\PointOfSaleProject\src\ERPFront\ERPFront.csproj]
F:\PointOfSaleProject\src\ERPFront\Components\Pages\DineInOrderPages\DineIn.razor.cs(133,30): error CS0165: Use of unassigned local variable 'selectedOrder' [F:\PointOfSaleProject\src\ERPFront\ERPFront.csproj]
F:\PointOfSaleProject\src\ERPFront\Components\Pages\POS.razor.cs(77,24): warning CS1998: This async method lacks 'await' operators and will run synchronously. Consider using the 'await' operator to await non-blocking API calls, or 'await Task.Run(...)' to do CPU-bound work on a background thread. [F:\PointOfSaleProject\src\ERPFront\ERPFront.csproj]
F:\PointOfSaleProject\src\ERPFront\Components\DineInComponents\TransferTable.razor.cs(57,25): error CS1061: 'List<DineInOrderDetails>' does not contain a definition for 'RelatedTableId' and no accessible extension method 'RelatedTableId' accepting a first argument of type 'List<DineInOrderDetails>' could be found (are you missing a using directive or an assembly reference?) [F:\PointOfSaleProject\src\ERPFront\ERPFront.csproj]
F:\PointOfSaleProject\src\ERPFront\Components\DineInComponents\TransferTable.razor.cs(58,25): error CS1061: 'List<DineInOrderDetails>' does not contain a definition for 'RelatedTableName' and no accessible extension method 'RelatedTableName' accepting a first argument of type 'List<DineInOrderDetails>' could be found (are you missing a using directive or an assembly reference?) [F:\PointOfSaleProject\src\ERPFront\ERPFront.csproj]
F:\PointOfSaleProject\src\ERPFront\Components\DeviceInfo.razor(10,20): warning CS8618: Non-nullable field 'userAgent' must contain a non-null value when exiting constructor. Consider adding the 'required' modifier or declaring the field as nullable. [F:\PointOfSaleProject\src\ERPFront\ERPFront.csproj]
F:\PointOfSaleProject\src\ERPFront\Components\DeviceInfo.razor(11,20): warning CS8618: Non-nullable field 'platform' must contain a non-null value when exiting constructor. Consider adding the 'required' modifier or declaring the field as nullable. [F:\PointOfSaleProject\src\ERPFront\ERPFront.csproj]
F:\PointOfSaleProject\src\ERPFront\Components\DeviceInfo.razor(12,20): warning CS8618: Non-nullable field 'language' must contain a non-null value when exiting constructor. Consider adding the 'required' modifier or declaring the field as nullable. [F:\PointOfSaleProject\src\ERPFront\ERPFront.csproj]
F:\PointOfSaleProject\src\ERPFront\Components\Auth\TokenInitializer.razor(5,35): warning CS1998: This async method lacks 'await' operators and will run synchronously. Consider using the 'await' operator to await non-blocking API calls, or 'await Task.Run(...)' to do CPU-bound work on a background thread. [F:\PointOfSaleProject\src\ERPFront\ERPFront.csproj]
F:\PointOfSaleProject\src\ERPFront\Components\Pages\POS.razor.cs(152,24): warning CS1998: This async method lacks 'await' operators and will run synchronously. Consider using the 'await' operator to await non-blocking API calls, or 'await Task.Run(...)' to do CPU-bound work on a background thread. [F:\PointOfSaleProject\src\ERPFront\ERPFront.csproj]
F:\PointOfSaleProject\src\ERPFront\Components\Pages\POS.razor.cs(445,24): warning CS1998: This async method lacks 'await' operators and will run synchronously. Consider using the 'await' operator to await non-blocking API calls, or 'await Task.Run(...)' to do CPU-bound work on a background thread. [F:\PointOfSaleProject\src\ERPFront\ERPFront.csproj]
F:\PointOfSaleProject\src\ERPFront\Components\Pages\POS.razor.cs(450,24): warning CS1998: This async method lacks 'await' operators and will run synchronously. Consider using the 'await' operator to await non-blocking API calls, or 'await Task.Run(...)' to do CPU-bound work on a background thread. [F:\PointOfSaleProject\src\ERPFront\ERPFront.csproj]
F:\PointOfSaleProject\src\ERPFront\Components\Pages\DineInOrderPages\DineIn.razor(60,48): error CS0103: The name 'GetButtonClass' does not exist in the current context [F:\PointOfSaleProject\src\ERPFront\ERPFront.csproj]
F:\PointOfSaleProject\src\ERPFront\Components\Pages\DeliveryPages\Delivery.razor(266,23): warning CS8618: Non-nullable property 'Sign' must contain a non-null value when exiting constructor. Consider adding the 'required' modifier or declaring the property as nullable. [F:\PointOfSaleProject\src\ERPFront\ERPFront.csproj]
F:\PointOfSaleProject\src\ERPFront\Components\Pages\DeliveryPages\Delivery.razor(267,23): warning CS8618: Non-nullable property 'Name' must contain a non-null value when exiting constructor. Consider adding the 'required' modifier or declaring the property as nullable. [F:\PointOfSaleProject\src\ERPFront\ERPFront.csproj]
F:\PointOfSaleProject\src\ERPFront\Components\Pages\DeliveryPages\Delivery.razor(268,23): warning CS8618: Non-nullable property 'Position' must contain a non-null value when exiting constructor. Consider adding the 'required' modifier or declaring the property as nullable. [F:\PointOfSaleProject\src\ERPFront\ERPFront.csproj]
F:\PointOfSaleProject\src\ERPFront\Components\PosComponent\Section1.razor.cs(31,30): warning CS8602: Dereference of a possibly null reference. [F:\PointOfSaleProject\src\ERPFront\ERPFront.csproj]
F:\PointOfSaleProject\src\ERPFront\Components\Pages\Sliders.razor.cs(32,28): warning CS1998: This async method lacks 'await' operators and will run synchronously. Consider using the 'await' operator to await non-blocking API calls, or 'await Task.Run(...)' to do CPU-bound work on a background thread. [F:\PointOfSaleProject\src\ERPFront\ERPFront.csproj]
F:\PointOfSaleProject\src\ERPFront\Components\Pages\POS.razor.cs(14,20): warning CS0414: The field 'POS._spacing' is assigned but its value is never used [F:\PointOfSaleProject\src\ERPFront\ERPFront.csproj]
F:\PointOfSaleProject\src\ERPFront\Components\Pages\Sliders.razor.cs(7,24): warning CS0414: The field 'Sliders._salesItemsVerticalSlider' is assigned but its value is never used [F:\PointOfSaleProject\src\ERPFront\ERPFront.csproj]
F:\PointOfSaleProject\src\ERPFront\Components\Pages\Sliders.razor.cs(6,24): warning CS0414: The field 'Sliders._salesItemsHorizontalSider' is assigned but its value is never used [F:\PointOfSaleProject\src\ERPFront\ERPFront.csproj]
F:\PointOfSaleProject\src\ERPFront\Components\DeliveryComponent\SelectAddressDialog.razor(1,1): warning MUD0002: Illegal Attribute 'GutterSize' on 'MudGrid' using pattern 'LowerCase' source location '(227,16)-(227,71)' (https://mudblazor.com/features/analyzers) [F:\PointOfSaleProject\src\ERPFront\ERPFront.csproj]
F:\PointOfSaleProject\src\ERPFront\Components\DeliveryComponent\SelectAddressDialog.razor(1,1): warning MUD0002: Illegal Attribute 'Dense' on 'MudText' using pattern 'LowerCase' source location '(355,32)-(355,85)' (https://mudblazor.com/features/analyzers) [F:\PointOfSaleProject\src\ERPFront\ERPFront.csproj]
F:\PointOfSaleProject\src\ERPFront\Components\DeliveryComponent\SelectAddressDialog.razor(1,1): warning MUD0002: Illegal Attribute 'Dense' on 'MudText' using pattern 'LowerCase' source location '(371,32)-(371,85)' (https://mudblazor.com/features/analyzers) [F:\PointOfSaleProject\src\ERPFront\ERPFront.csproj]
F:\PointOfSaleProject\src\ERPFront\Components\DeliveryComponent\SelectAddressDialog.razor(1,1): warning MUD0002: Illegal Attribute 'Dense' on 'MudText' using pattern 'LowerCase' source location '(387,32)-(387,85)' (https://mudblazor.com/features/analyzers) [F:\PointOfSaleProject\src\ERPFront\ERPFront.csproj]
F:\PointOfSaleProject\src\ERPFront\Components\DineInComponents\MergeTables.razor(1,1): warning MUD0002: Illegal Attribute 'FullWidth' on 'MudDialog' using pattern 'LowerCase' source location '(165,12)-(165,67)' (https://mudblazor.com/features/analyzers) [F:\PointOfSaleProject\src\ERPFront\ERPFront.csproj]
F:\PointOfSaleProject\src\ERPFront\Components\DineInComponents\MergeTables.razor(1,1): warning MUD0002: Illegal Attribute 'MaxWidth' on 'MudDialog' using pattern 'LowerCase' source location '(166,12)-(166,77)' (https://mudblazor.com/features/analyzers) [F:\PointOfSaleProject\src\ERPFront\ERPFront.csproj]
F:\PointOfSaleProject\src\ERPFront\Components\DineInComponents\MergeTables.razor(1,1): warning MUD0002: Illegal Attribute 'DisableElevation' on 'MudButton' using pattern 'LowerCase' source location '(337,28)-(337,92)' (https://mudblazor.com/features/analyzers) [F:\PointOfSaleProject\src\ERPFront\ERPFront.csproj]
F:\PointOfSaleProject\src\ERPFront\Components\DineInComponents\TransferTable.razor(1,1): warning MUD0002: Illegal Attribute 'FullWidth' on 'MudDialog' using pattern 'LowerCase' source location '(165,12)-(165,67)' (https://mudblazor.com/features/analyzers) [F:\PointOfSaleProject\src\ERPFront\ERPFront.csproj]
F:\PointOfSaleProject\src\ERPFront\Components\DineInComponents\TransferTable.razor(1,1): warning MUD0002: Illegal Attribute 'MaxWidth' on 'MudDialog' using pattern 'LowerCase' source location '(166,12)-(166,77)' (https://mudblazor.com/features/analyzers) [F:\PointOfSaleProject\src\ERPFront\ERPFront.csproj]
F:\PointOfSaleProject\src\ERPFront\Components\Pages\PrintOrderPage.razor(1,1): warning MUD0002: Illegal Attribute 'OnValueChanged' on 'MudAutocomplete' using pattern 'LowerCase' source location '(1589,32)-(1589,109)' (https://mudblazor.com/features/analyzers) [F:\PointOfSaleProject\src\ERPFront\ERPFront.csproj]
F:\PointOfSaleProject\src\ERPFront\Components\Pages\DeliveryPages\Delivery.razor(1,1): warning MUD0002: Illegal Attribute 'GutterSize' on 'MudGrid' using pattern 'LowerCase' source location '(327,24)-(327,79)' (https://mudblazor.com/features/analyzers) [F:\PointOfSaleProject\src\ERPFront\ERPFront.csproj]
F:\PointOfSaleProject\src\ERPFront\Components\Pages\DeliveryPages\Delivery.razor(1,1): warning MUD0002: Illegal Attribute 'ValueExpression' on 'MudSelect' using pattern 'LowerCase' source location '(916,32)-(924,33)' (https://mudblazor.com/features/analyzers) [F:\PointOfSaleProject\src\ERPFront\ERPFront.csproj]
F:\PointOfSaleProject\src\ERPFront\Components\Pages\DineInOrderPages\DineIn.razor(1,1): warning MUD0002: Illegal Attribute 'DisableElevation' on 'MudButton' using pattern 'LowerCase' source location '(588,40)-(588,104)' (https://mudblazor.com/features/analyzers) [F:\PointOfSaleProject\src\ERPFront\ERPFront.csproj]
F:\PointOfSaleProject\src\ERPFront\Components\Pages\DineInOrderPages\DineIn.razor(1,1): warning MUD0002: Illegal Attribute 'JustifyContent' on 'MudStack' using pattern 'LowerCase' source location '(734,32)-(734,111)' (https://mudblazor.com/features/analyzers) [F:\PointOfSaleProject\src\ERPFront\ERPFront.csproj]
F:\PointOfSaleProject\src\ERPFront\Components\Pages\DineInOrderPages\DineIn.razor(1,1): warning MUD0002: Illegal Attribute 'DisableElevation' on 'MudButton' using pattern 'LowerCase' source location '(805,36)-(805,100)' (https://mudblazor.com/features/analyzers) [F:\PointOfSaleProject\src\ERPFront\ERPFront.csproj]
F:\PointOfSaleProject\src\ERPFront\Components\Pages\DineInOrderPages\DineIn.razor(1,1): warning MUD0002: Illegal Attribute 'JustifyContent' on 'MudStack' using pattern 'LowerCase' source location '(1079,32)-(1079,111)' (https://mudblazor.com/features/analyzers) [F:\PointOfSaleProject\src\ERPFront\ERPFront.csproj]
F:\PointOfSaleProject\src\ERPFront\Components\Pages\DineInOrderPages\DineIn.razor(1,1): warning MUD0002: Illegal Attribute 'DisableElevation' on 'MudButton' using pattern 'LowerCase' source location '(1150,36)-(1150,100)' (https://mudblazor.com/features/analyzers) [F:\PointOfSaleProject\src\ERPFront\ERPFront.csproj]
F:\PointOfSaleProject\src\ERPFront\Components\Pages\DineInOrderPages\DineIn.razor(1,1): warning MUD0002: Illegal Attribute 'Height' on 'MudStack' using pattern 'LowerCase' source location '(1635,32)-(1635,87)' (https://mudblazor.com/features/analyzers) [F:\PointOfSaleProject\src\ERPFront\ERPFront.csproj]
F:\PointOfSaleProject\src\ERPFront\Components\Pages\DineInOrderPages\DineIn.razor(1,1): warning MUD0002: Illegal Attribute 'JustifyContent' on 'MudStack' using pattern 'LowerCase' source location '(1752,36)-(1752,108)' (https://mudblazor.com/features/analyzers) [F:\PointOfSaleProject\src\ERPFront\ERPFront.csproj]
F:\PointOfSaleProject\src\ERPFront\Components\Pages\DineInOrderPages\DineIn.razor(1,1): warning MUD0002: Illegal Attribute 'JustifyContent' on 'MudStack' using pattern 'LowerCase' source location '(1833,36)-(1833,108)' (https://mudblazor.com/features/analyzers) [F:\PointOfSaleProject\src\ERPFront\ERPFront.csproj]
F:\PointOfSaleProject\src\ERPFront\Components\Pages\DineInOrderPages\DineIn.razor(1,1): warning MUD0002: Illegal Attribute 'JustifyContent' on 'MudStack' using pattern 'LowerCase' source location '(1914,36)-(1914,108)' (https://mudblazor.com/features/analyzers) [F:\PointOfSaleProject\src\ERPFront\ERPFront.csproj]
F:\PointOfSaleProject\src\ERPFront\Components\DeliveryComponent\AddNewAddressDialog.razor(1,1): warning MUD0002: Illegal Attribute 'MaxWidth' on 'MudDialog' using pattern 'LowerCase' source location '(183,12)-(183,75)' (https://mudblazor.com/features/analyzers) [F:\PointOfSaleProject\src\ERPFront\ERPFront.csproj]
F:\PointOfSaleProject\src\ERPFront\Components\DeliveryComponent\AddNewAddressDialog.razor(1,1): warning MUD0002: Illegal Attribute 'FullWidth' on 'MudDialog' using pattern 'LowerCase' source location '(184,12)-(184,67)' (https://mudblazor.com/features/analyzers) [F:\PointOfSaleProject\src\ERPFront\ERPFront.csproj]
F:\PointOfSaleProject\src\ERPFront\Components\DeliveryComponent\AddNewAddressDialog.razor(1,1): warning MUD0002: Illegal Attribute 'ValueExpression' on 'MudSelect' using pattern 'LowerCase' source location '(475,32)-(483,33)' (https://mudblazor.com/features/analyzers) [F:\PointOfSaleProject\src\ERPFront\ERPFront.csproj]
F:\PointOfSaleProject\src\ERPFront\Components\Pages\POS.razor(1,1): warning MUD0002: Illegal Attribute 'DisableElevation' on 'MudButton' using pattern 'LowerCase' source location '(792,32)-(792,96)' (https://mudblazor.com/features/analyzers) [F:\PointOfSaleProject\src\ERPFront\ERPFront.csproj]
F:\PointOfSaleProject\src\ERPFront\Components\PosDialog\ItemDiscountDialog.razor(1,1): warning MUD0002: Illegal Attribute 'FullWidth' on 'MudDialog' using pattern 'LowerCase' source location '(165,12)-(165,67)' (https://mudblazor.com/features/analyzers) [F:\PointOfSaleProject\src\ERPFront\ERPFront.csproj]
F:\PointOfSaleProject\src\ERPFront\Components\PosDialog\ItemDiscountDialog.razor(1,1): warning MUD0002: Illegal Attribute 'MaxWidth' on 'MudDialog' using pattern 'LowerCase' source location '(166,12)-(166,75)' (https://mudblazor.com/features/analyzers) [F:\PointOfSaleProject\src\ERPFront\ERPFront.csproj]
F:\PointOfSaleProject\src\ERPFront\Components\PosComponent\Section4Table.razor(1,1): warning MUD0002: Illegal Attribute 'RowEditTrigger' on 'MudTable' using pattern 'LowerCase' source location '(783,8)-(783,73)' (https://mudblazor.com/features/analyzers) [F:\PointOfSaleProject\src\ERPFront\ERPFront.csproj]
F:\PointOfSaleProject\src\ERPFront\Components\PosComponent\Section4Table.razor(1,1): warning MUD0002: Illegal Attribute 'ColSpan' on 'MudTd' using pattern 'LowerCase' source location '(593,20)-(593,72)' (https://mudblazor.com/features/analyzers) [F:\PointOfSaleProject\src\ERPFront\ERPFront.csproj]
F:\PointOfSaleProject\src\ERPFront\Components\PosDialog\ItemCommentDialog.razor(1,1): warning MUD0002: Illegal Attribute 'FullWidth' on 'MudDialog' using pattern 'LowerCase' source location '(165,12)-(165,67)' (https://mudblazor.com/features/analyzers) [F:\PointOfSaleProject\src\ERPFront\ERPFront.csproj]
F:\PointOfSaleProject\src\ERPFront\Components\PosDialog\ItemCommentDialog.razor(1,1): warning MUD0002: Illegal Attribute 'MaxWidth' on 'MudDialog' using pattern 'LowerCase' source location '(166,12)-(166,75)' (https://mudblazor.com/features/analyzers) [F:\PointOfSaleProject\src\ERPFront\ERPFront.csproj]
F:\PointOfSaleProject\src\ERPFront\Components\POSLayoutComponents\POSFooterCommponent.razor(1,1): warning MUD0002: Illegal Attribute 'MaxWidth' on 'MudDrawer' using pattern 'LowerCase' source location '(349,16)-(349,72)' (https://mudblazor.com/features/analyzers) [F:\PointOfSaleProject\src\ERPFront\ERPFront.csproj]
F:\PointOfSaleProject\src\ERPFront\Components\POSLayoutComponents\POSFooterCommponent.razor(1,1): warning MUD0002: Illegal Attribute 'MaxHeight' on 'MudDrawer' using pattern 'LowerCase' source location '(350,16)-(350,74)' (https://mudblazor.com/features/analyzers) [F:\PointOfSaleProject\src\ERPFront\ERPFront.csproj]
F:\PointOfSaleProject\src\ERPFront\Components\POSLayoutComponents\POSFooterCommponent.razor(1,1): warning MUD0002: Illegal Attribute 'Color' on 'MudSelect' using pattern 'LowerCase' source location '(2036,8)-(2036,64)' (https://mudblazor.com/features/analyzers) [F:\PointOfSaleProject\src\ERPFront\ERPFront.csproj]
F:\PointOfSaleProject\src\ERPFront\Components\POSLayoutComponents\POSFooterCommponent.razor(1,1): warning MUD0002: Illegal Attribute 'ShowTicks' on 'MudSlider' using pattern 'LowerCase' source location '(1992,8)-(1992,68)' (https://mudblazor.com/features/analyzers) [F:\PointOfSaleProject\src\ERPFront\ERPFront.csproj]
F:\PointOfSaleProject\src\ERPFront\Components\POSLayoutComponents\POSFooterCommponent.razor(1,1): warning MUD0002: Illegal Attribute 'ShowValueLabel' on 'MudSlider' using pattern 'LowerCase' source location '(1993,8)-(1993,73)' (https://mudblazor.com/features/analyzers) [F:\PointOfSaleProject\src\ERPFront\ERPFront.csproj]
F:\PointOfSaleProject\src\ERPFront\Components\POSLayoutComponents\POSFooterCommponent.razor(1,1): warning MUD0002: Illegal Attribute 'Color' on 'MudTextField' using pattern 'LowerCase' source location '(1150,24)-(1150,87)' (https://mudblazor.com/features/analyzers) [F:\PointOfSaleProject\src\ERPFront\ERPFront.csproj]

Build FAILED.

F:\PointOfSaleProject\src\ERPFront\Components\Pages\DineInOrderPages\DineIn.razor.cs(34,59): warning CS8714: The type 'T' cannot be used as type parameter 'TKey' in the generic type or method 'Dictionary<TKey, TValue>'. Nullability of type argument 'T' doesn't match 'notnull' constraint. [F:\PointOfSaleProject\src\ERPFront\ERPFront.csproj]
F:\PointOfSaleProject\src\ERPFront\Components\Pages\DineInOrderPages\DineIn.razor.cs(34,124): warning CS8714: The type 'T' cannot be used as type parameter 'TKey' in the generic type or method 'Dictionary<TKey, TValue>'. Nullability of type argument 'T' doesn't match 'notnull' constraint. [F:\PointOfSaleProject\src\ERPFront\ERPFront.csproj]
F:\PointOfSaleProject\src\ERPFront\Components\Pages\DineInOrderPages\DineIn.razor.cs(72,53): warning CS8714: The type 'T' cannot be used as type parameter 'TKey' in the generic type or method 'Dictionary<TKey, TValue>'. Nullability of type argument 'T' doesn't match 'notnull' constraint. [F:\PointOfSaleProject\src\ERPFront\ERPFront.csproj]
F:\PointOfSaleProject\src\ERPFront\Auth\CustomAuthenticationStateProvider.cs(47,23): warning CS1998: This async method lacks 'await' operators and will run synchronously. Consider using the 'await' operator to await non-blocking API calls, or 'await Task.Run(...)' to do CPU-bound work on a background thread. [F:\PointOfSaleProject\src\ERPFront\ERPFront.csproj]
F:\PointOfSaleProject\src\ERPFront\Auth\CustomAuthenticationStateProvider.cs(104,23): warning CS1998: This async method lacks 'await' operators and will run synchronously. Consider using the 'await' operator to await non-blocking API calls, or 'await Task.Run(...)' to do CPU-bound work on a background thread. [F:\PointOfSaleProject\src\ERPFront\ERPFront.csproj]
F:\PointOfSaleProject\src\ERPFront\Components\DineInComponents\MenuButtons.razor.cs(10,38): warning CS8604: Possible null reference argument for parameter 'dineInOrderDetails' in 'void MenuButtons.UpdateCurrentDineInOrder(DineInOrderDetails dineInOrderDetails)'. [F:\PointOfSaleProject\src\ERPFront\ERPFront.csproj]
F:\PointOfSaleProject\src\ERPFront\Components\Pages\DineInOrderPages\DineIn.razor.cs(112,13): warning CS8604: Possible null reference argument for parameter 'source' in 'IEnumerable<TableItem> Enumerable.Select<TableItem, TableItem>(IEnumerable<TableItem> source, Func<TableItem, TableItem> selector)'. [F:\PointOfSaleProject\src\ERPFront\ERPFront.csproj]
F:\PointOfSaleProject\src\ERPFront\Components\Pages\POS.razor.cs(77,24): warning CS1998: This async method lacks 'await' operators and will run synchronously. Consider using the 'await' operator to await non-blocking API calls, or 'await Task.Run(...)' to do CPU-bound work on a background thread. [F:\PointOfSaleProject\src\ERPFront\ERPFront.csproj]
F:\PointOfSaleProject\src\ERPFront\Components\DeviceInfo.razor(10,20): warning CS8618: Non-nullable field 'userAgent' must contain a non-null value when exiting constructor. Consider adding the 'required' modifier or declaring the field as nullable. [F:\PointOfSaleProject\src\ERPFront\ERPFront.csproj]
F:\PointOfSaleProject\src\ERPFront\Components\DeviceInfo.razor(11,20): warning CS8618: Non-nullable field 'platform' must contain a non-null value when exiting constructor. Consider adding the 'required' modifier or declaring the field as nullable. [F:\PointOfSaleProject\src\ERPFront\ERPFront.csproj]
F:\PointOfSaleProject\src\ERPFront\Components\DeviceInfo.razor(12,20): warning CS8618: Non-nullable field 'language' must contain a non-null value when exiting constructor. Consider adding the 'required' modifier or declaring the field as nullable. [F:\PointOfSaleProject\src\ERPFront\ERPFront.csproj]
F:\PointOfSaleProject\src\ERPFront\Components\Auth\TokenInitializer.razor(5,35): warning CS1998: This async method lacks 'await' operators and will run synchronously. Consider using the 'await' operator to await non-blocking API calls, or 'await Task.Run(...)' to do CPU-bound work on a background thread. [F:\PointOfSaleProject\src\ERPFront\ERPFront.csproj]
F:\PointOfSaleProject\src\ERPFront\Components\Pages\POS.razor.cs(152,24): warning CS1998: This async method lacks 'await' operators and will run synchronously. Consider using the 'await' operator to await non-blocking API calls, or 'await Task.Run(...)' to do CPU-bound work on a background thread. [F:\PointOfSaleProject\src\ERPFront\ERPFront.csproj]
F:\PointOfSaleProject\src\ERPFront\Components\Pages\POS.razor.cs(445,24): warning CS1998: This async method lacks 'await' operators and will run synchronously. Consider using the 'await' operator to await non-blocking API calls, or 'await Task.Run(...)' to do CPU-bound work on a background thread. [F:\PointOfSaleProject\src\ERPFront\ERPFront.csproj]
F:\PointOfSaleProject\src\ERPFront\Components\Pages\POS.razor.cs(450,24): warning CS1998: This async method lacks 'await' operators and will run synchronously. Consider using the 'await' operator to await non-blocking API calls, or 'await Task.Run(...)' to do CPU-bound work on a background thread. [F:\PointOfSaleProject\src\ERPFront\ERPFront.csproj]
F:\PointOfSaleProject\src\ERPFront\Components\Pages\DeliveryPages\Delivery.razor(266,23): warning CS8618: Non-nullable property 'Sign' must contain a non-null value when exiting constructor. Consider adding the 'required' modifier or declaring the property as nullable. [F:\PointOfSaleProject\src\ERPFront\ERPFront.csproj]
F:\PointOfSaleProject\src\ERPFront\Components\Pages\DeliveryPages\Delivery.razor(267,23): warning CS8618: Non-nullable property 'Name' must contain a non-null value when exiting constructor. Consider adding the 'required' modifier or declaring the property as nullable. [F:\PointOfSaleProject\src\ERPFront\ERPFront.csproj]
F:\PointOfSaleProject\src\ERPFront\Components\Pages\DeliveryPages\Delivery.razor(268,23): warning CS8618: Non-nullable property 'Position' must contain a non-null value when exiting constructor. Consider adding the 'required' modifier or declaring the property as nullable. [F:\PointOfSaleProject\src\ERPFront\ERPFront.csproj]
F:\PointOfSaleProject\src\ERPFront\Components\PosComponent\Section1.razor.cs(31,30): warning CS8602: Dereference of a possibly null reference. [F:\PointOfSaleProject\src\ERPFront\ERPFront.csproj]
F:\PointOfSaleProject\src\ERPFront\Components\Pages\Sliders.razor.cs(32,28): warning CS1998: This async method lacks 'await' operators and will run synchronously. Consider using the 'await' operator to await non-blocking API calls, or 'await Task.Run(...)' to do CPU-bound work on a background thread. [F:\PointOfSaleProject\src\ERPFront\ERPFront.csproj]
F:\PointOfSaleProject\src\ERPFront\Components\Pages\POS.razor.cs(14,20): warning CS0414: The field 'POS._spacing' is assigned but its value is never used [F:\PointOfSaleProject\src\ERPFront\ERPFront.csproj]
F:\PointOfSaleProject\src\ERPFront\Components\Pages\Sliders.razor.cs(7,24): warning CS0414: The field 'Sliders._salesItemsVerticalSlider' is assigned but its value is never used [F:\PointOfSaleProject\src\ERPFront\ERPFront.csproj]
F:\PointOfSaleProject\src\ERPFront\Components\Pages\Sliders.razor.cs(6,24): warning CS0414: The field 'Sliders._salesItemsHorizontalSider' is assigned but its value is never used [F:\PointOfSaleProject\src\ERPFront\ERPFront.csproj]
F:\PointOfSaleProject\src\ERPFront\Components\DeliveryComponent\SelectAddressDialog.razor(1,1): warning MUD0002: Illegal Attribute 'GutterSize' on 'MudGrid' using pattern 'LowerCase' source location '(227,16)-(227,71)' (https://mudblazor.com/features/analyzers) [F:\PointOfSaleProject\src\ERPFront\ERPFront.csproj]
F:\PointOfSaleProject\src\ERPFront\Components\DeliveryComponent\SelectAddressDialog.razor(1,1): warning MUD0002: Illegal Attribute 'Dense' on 'MudText' using pattern 'LowerCase' source location '(355,32)-(355,85)' (https://mudblazor.com/features/analyzers) [F:\PointOfSaleProject\src\ERPFront\ERPFront.csproj]
F:\PointOfSaleProject\src\ERPFront\Components\DeliveryComponent\SelectAddressDialog.razor(1,1): warning MUD0002: Illegal Attribute 'Dense' on 'MudText' using pattern 'LowerCase' source location '(371,32)-(371,85)' (https://mudblazor.com/features/analyzers) [F:\PointOfSaleProject\src\ERPFront\ERPFront.csproj]
F:\PointOfSaleProject\src\ERPFront\Components\DeliveryComponent\SelectAddressDialog.razor(1,1): warning MUD0002: Illegal Attribute 'Dense' on 'MudText' using pattern 'LowerCase' source location '(387,32)-(387,85)' (https://mudblazor.com/features/analyzers) [F:\PointOfSaleProject\src\ERPFront\ERPFront.csproj]
F:\PointOfSaleProject\src\ERPFront\Components\DineInComponents\MergeTables.razor(1,1): warning MUD0002: Illegal Attribute 'FullWidth' on 'MudDialog' using pattern 'LowerCase' source location '(165,12)-(165,67)' (https://mudblazor.com/features/analyzers) [F:\PointOfSaleProject\src\ERPFront\ERPFront.csproj]
F:\PointOfSaleProject\src\ERPFront\Components\DineInComponents\MergeTables.razor(1,1): warning MUD0002: Illegal Attribute 'MaxWidth' on 'MudDialog' using pattern 'LowerCase' source location '(166,12)-(166,77)' (https://mudblazor.com/features/analyzers) [F:\PointOfSaleProject\src\ERPFront\ERPFront.csproj]
F:\PointOfSaleProject\src\ERPFront\Components\DineInComponents\MergeTables.razor(1,1): warning MUD0002: Illegal Attribute 'DisableElevation' on 'MudButton' using pattern 'LowerCase' source location '(337,28)-(337,92)' (https://mudblazor.com/features/analyzers) [F:\PointOfSaleProject\src\ERPFront\ERPFront.csproj]
F:\PointOfSaleProject\src\ERPFront\Components\DineInComponents\TransferTable.razor(1,1): warning MUD0002: Illegal Attribute 'FullWidth' on 'MudDialog' using pattern 'LowerCase' source location '(165,12)-(165,67)' (https://mudblazor.com/features/analyzers) [F:\PointOfSaleProject\src\ERPFront\ERPFront.csproj]
F:\PointOfSaleProject\src\ERPFront\Components\DineInComponents\TransferTable.razor(1,1): warning MUD0002: Illegal Attribute 'MaxWidth' on 'MudDialog' using pattern 'LowerCase' source location '(166,12)-(166,77)' (https://mudblazor.com/features/analyzers) [F:\PointOfSaleProject\src\ERPFront\ERPFront.csproj]
F:\PointOfSaleProject\src\ERPFront\Components\Pages\PrintOrderPage.razor(1,1): warning MUD0002: Illegal Attribute 'OnValueChanged' on 'MudAutocomplete' using pattern 'LowerCase' source location '(1589,32)-(1589,109)' (https://mudblazor.com/features/analyzers) [F:\PointOfSaleProject\src\ERPFront\ERPFront.csproj]
F:\PointOfSaleProject\src\ERPFront\Components\Pages\DeliveryPages\Delivery.razor(1,1): warning MUD0002: Illegal Attribute 'GutterSize' on 'MudGrid' using pattern 'LowerCase' source location '(327,24)-(327,79)' (https://mudblazor.com/features/analyzers) [F:\PointOfSaleProject\src\ERPFront\ERPFront.csproj]
F:\PointOfSaleProject\src\ERPFront\Components\Pages\DeliveryPages\Delivery.razor(1,1): warning MUD0002: Illegal Attribute 'ValueExpression' on 'MudSelect' using pattern 'LowerCase' source location '(916,32)-(924,33)' (https://mudblazor.com/features/analyzers) [F:\PointOfSaleProject\src\ERPFront\ERPFront.csproj]
F:\PointOfSaleProject\src\ERPFront\Components\Pages\DineInOrderPages\DineIn.razor(1,1): warning MUD0002: Illegal Attribute 'DisableElevation' on 'MudButton' using pattern 'LowerCase' source location '(588,40)-(588,104)' (https://mudblazor.com/features/analyzers) [F:\PointOfSaleProject\src\ERPFront\ERPFront.csproj]
F:\PointOfSaleProject\src\ERPFront\Components\Pages\DineInOrderPages\DineIn.razor(1,1): warning MUD0002: Illegal Attribute 'JustifyContent' on 'MudStack' using pattern 'LowerCase' source location '(734,32)-(734,111)' (https://mudblazor.com/features/analyzers) [F:\PointOfSaleProject\src\ERPFront\ERPFront.csproj]
F:\PointOfSaleProject\src\ERPFront\Components\Pages\DineInOrderPages\DineIn.razor(1,1): warning MUD0002: Illegal Attribute 'DisableElevation' on 'MudButton' using pattern 'LowerCase' source location '(805,36)-(805,100)' (https://mudblazor.com/features/analyzers) [F:\PointOfSaleProject\src\ERPFront\ERPFront.csproj]
F:\PointOfSaleProject\src\ERPFront\Components\Pages\DineInOrderPages\DineIn.razor(1,1): warning MUD0002: Illegal Attribute 'JustifyContent' on 'MudStack' using pattern 'LowerCase' source location '(1079,32)-(1079,111)' (https://mudblazor.com/features/analyzers) [F:\PointOfSaleProject\src\ERPFront\ERPFront.csproj]
F:\PointOfSaleProject\src\ERPFront\Components\Pages\DineInOrderPages\DineIn.razor(1,1): warning MUD0002: Illegal Attribute 'DisableElevation' on 'MudButton' using pattern 'LowerCase' source location '(1150,36)-(1150,100)' (https://mudblazor.com/features/analyzers) [F:\PointOfSaleProject\src\ERPFront\ERPFront.csproj]
F:\PointOfSaleProject\src\ERPFront\Components\Pages\DineInOrderPages\DineIn.razor(1,1): warning MUD0002: Illegal Attribute 'Height' on 'MudStack' using pattern 'LowerCase' source location '(1635,32)-(1635,87)' (https://mudblazor.com/features/analyzers) [F:\PointOfSaleProject\src\ERPFront\ERPFront.csproj]
F:\PointOfSaleProject\src\ERPFront\Components\Pages\DineInOrderPages\DineIn.razor(1,1): warning MUD0002: Illegal Attribute 'JustifyContent' on 'MudStack' using pattern 'LowerCase' source location '(1752,36)-(1752,108)' (https://mudblazor.com/features/analyzers) [F:\PointOfSaleProject\src\ERPFront\ERPFront.csproj]
F:\PointOfSaleProject\src\ERPFront\Components\Pages\DineInOrderPages\DineIn.razor(1,1): warning MUD0002: Illegal Attribute 'JustifyContent' on 'MudStack' using pattern 'LowerCase' source location '(1833,36)-(1833,108)' (https://mudblazor.com/features/analyzers) [F:\PointOfSaleProject\src\ERPFront\ERPFront.csproj]
F:\PointOfSaleProject\src\ERPFront\Components\Pages\DineInOrderPages\DineIn.razor(1,1): warning MUD0002: Illegal Attribute 'JustifyContent' on 'MudStack' using pattern 'LowerCase' source location '(1914,36)-(1914,108)' (https://mudblazor.com/features/analyzers) [F:\PointOfSaleProject\src\ERPFront\ERPFront.csproj]
F:\PointOfSaleProject\src\ERPFront\Components\DeliveryComponent\AddNewAddressDialog.razor(1,1): warning MUD0002: Illegal Attribute 'MaxWidth' on 'MudDialog' using pattern 'LowerCase' source location '(183,12)-(183,75)' (https://mudblazor.com/features/analyzers) [F:\PointOfSaleProject\src\ERPFront\ERPFront.csproj]
F:\PointOfSaleProject\src\ERPFront\Components\DeliveryComponent\AddNewAddressDialog.razor(1,1): warning MUD0002: Illegal Attribute 'FullWidth' on 'MudDialog' using pattern 'LowerCase' source location '(184,12)-(184,67)' (https://mudblazor.com/features/analyzers) [F:\PointOfSaleProject\src\ERPFront\ERPFront.csproj]
F:\PointOfSaleProject\src\ERPFront\Components\DeliveryComponent\AddNewAddressDialog.razor(1,1): warning MUD0002: Illegal Attribute 'ValueExpression' on 'MudSelect' using pattern 'LowerCase' source location '(475,32)-(483,33)' (https://mudblazor.com/features/analyzers) [F:\PointOfSaleProject\src\ERPFront\ERPFront.csproj]
F:\PointOfSaleProject\src\ERPFront\Components\Pages\POS.razor(1,1): warning MUD0002: Illegal Attribute 'DisableElevation' on 'MudButton' using pattern 'LowerCase' source location '(792,32)-(792,96)' (https://mudblazor.com/features/analyzers) [F:\PointOfSaleProject\src\ERPFront\ERPFront.csproj]
F:\PointOfSaleProject\src\ERPFront\Components\PosDialog\ItemDiscountDialog.razor(1,1): warning MUD0002: Illegal Attribute 'FullWidth' on 'MudDialog' using pattern 'LowerCase' source location '(165,12)-(165,67)' (https://mudblazor.com/features/analyzers) [F:\PointOfSaleProject\src\ERPFront\ERPFront.csproj]
F:\PointOfSaleProject\src\ERPFront\Components\PosDialog\ItemDiscountDialog.razor(1,1): warning MUD0002: Illegal Attribute 'MaxWidth' on 'MudDialog' using pattern 'LowerCase' source location '(166,12)-(166,75)' (https://mudblazor.com/features/analyzers) [F:\PointOfSaleProject\src\ERPFront\ERPFront.csproj]
F:\PointOfSaleProject\src\ERPFront\Components\PosComponent\Section4Table.razor(1,1): warning MUD0002: Illegal Attribute 'RowEditTrigger' on 'MudTable' using pattern 'LowerCase' source location '(783,8)-(783,73)' (https://mudblazor.com/features/analyzers) [F:\PointOfSaleProject\src\ERPFront\ERPFront.csproj]
F:\PointOfSaleProject\src\ERPFront\Components\PosComponent\Section4Table.razor(1,1): warning MUD0002: Illegal Attribute 'ColSpan' on 'MudTd' using pattern 'LowerCase' source location '(593,20)-(593,72)' (https://mudblazor.com/features/analyzers) [F:\PointOfSaleProject\src\ERPFront\ERPFront.csproj]
F:\PointOfSaleProject\src\ERPFront\Components\PosDialog\ItemCommentDialog.razor(1,1): warning MUD0002: Illegal Attribute 'FullWidth' on 'MudDialog' using pattern 'LowerCase' source location '(165,12)-(165,67)' (https://mudblazor.com/features/analyzers) [F:\PointOfSaleProject\src\ERPFront\ERPFront.csproj]
F:\PointOfSaleProject\src\ERPFront\Components\PosDialog\ItemCommentDialog.razor(1,1): warning MUD0002: Illegal Attribute 'MaxWidth' on 'MudDialog' using pattern 'LowerCase' source location '(166,12)-(166,75)' (https://mudblazor.com/features/analyzers) [F:\PointOfSaleProject\src\ERPFront\ERPFront.csproj]
F:\PointOfSaleProject\src\ERPFront\Components\POSLayoutComponents\POSFooterCommponent.razor(1,1): warning MUD0002: Illegal Attribute 'MaxWidth' on 'MudDrawer' using pattern 'LowerCase' source location '(349,16)-(349,72)' (https://mudblazor.com/features/analyzers) [F:\PointOfSaleProject\src\ERPFront\ERPFront.csproj]
F:\PointOfSaleProject\src\ERPFront\Components\POSLayoutComponents\POSFooterCommponent.razor(1,1): warning MUD0002: Illegal Attribute 'MaxHeight' on 'MudDrawer' using pattern 'LowerCase' source location '(350,16)-(350,74)' (https://mudblazor.com/features/analyzers) [F:\PointOfSaleProject\src\ERPFront\ERPFront.csproj]
F:\PointOfSaleProject\src\ERPFront\Components\POSLayoutComponents\POSFooterCommponent.razor(1,1): warning MUD0002: Illegal Attribute 'Color' on 'MudSelect' using pattern 'LowerCase' source location '(2036,8)-(2036,64)' (https://mudblazor.com/features/analyzers) [F:\PointOfSaleProject\src\ERPFront\ERPFront.csproj]
F:\PointOfSaleProject\src\ERPFront\Components\POSLayoutComponents\POSFooterCommponent.razor(1,1): warning MUD0002: Illegal Attribute 'ShowTicks' on 'MudSlider' using pattern 'LowerCase' source location '(1992,8)-(1992,68)' (https://mudblazor.com/features/analyzers) [F:\PointOfSaleProject\src\ERPFront\ERPFront.csproj]
F:\PointOfSaleProject\src\ERPFront\Components\POSLayoutComponents\POSFooterCommponent.razor(1,1): warning MUD0002: Illegal Attribute 'ShowValueLabel' on 'MudSlider' using pattern 'LowerCase' source location '(1993,8)-(1993,73)' (https://mudblazor.com/features/analyzers) [F:\PointOfSaleProject\src\ERPFront\ERPFront.csproj]
F:\PointOfSaleProject\src\ERPFront\Components\POSLayoutComponents\POSFooterCommponent.razor(1,1): warning MUD0002: Illegal Attribute 'Color' on 'MudTextField' using pattern 'LowerCase' source location '(1150,24)-(1150,87)' (https://mudblazor.com/features/analyzers) [F:\PointOfSaleProject\src\ERPFront\ERPFront.csproj]
F:\PointOfSaleProject\src\POS.Desktop\Components\Pages\DineInOrderPages\DineIn.razor.cs(83,60): error CS8641: 'else' cannot start a statement. [F:\PointOfSaleProject\src\POS.Desktop\POS.Desktop_etb1dbjs_wpftmp.csproj]
F:\PointOfSaleProject\src\POS.Desktop\Components\Pages\DineInOrderPages\DineIn.razor.cs(83,60): error CS1003: Syntax error, '(' expected [F:\PointOfSaleProject\src\POS.Desktop\POS.Desktop_etb1dbjs_wpftmp.csproj]
F:\PointOfSaleProject\src\POS.Desktop\Components\Pages\DineInOrderPages\DineIn.razor.cs(83,60): error CS1525: Invalid expression term 'else' [F:\PointOfSaleProject\src\POS.Desktop\POS.Desktop_etb1dbjs_wpftmp.csproj]
F:\PointOfSaleProject\src\POS.Desktop\Components\Pages\DineInOrderPages\DineIn.razor.cs(83,60): error CS1026: ) expected [F:\PointOfSaleProject\src\POS.Desktop\POS.Desktop_etb1dbjs_wpftmp.csproj]
F:\PointOfSaleProject\src\POS.Desktop\Components\Pages\DineInOrderPages\DineIn.razor.cs(83,60): error CS1002: ; expected [F:\PointOfSaleProject\src\POS.Desktop\POS.Desktop_etb1dbjs_wpftmp.csproj]
F:\PointOfSaleProject\src\POS.Desktop\Components\Pages\DineInOrderPages\DineIn.razor.cs(105,6): error CS1513: } expected [F:\PointOfSaleProject\src\POS.Desktop\POS.Desktop_etb1dbjs_wpftmp.csproj]
F:\PointOfSaleProject\src\ERPFront\Components\DineInComponents\MenuButtons.razor.cs(7,96): error CS1503: Argument 2: cannot convert from 'out BlazorBase.Models.DineInOrderDetails' to 'out System.Collections.Generic.List<BlazorBase.Models.DineInOrderDetails>' [F:\PointOfSaleProject\src\ERPFront\ERPFront.csproj]
F:\PointOfSaleProject\src\ERPFront\Components\DineInComponents\MergeTables.razor(58,53): error CS1061: 'List<DineInOrderDetails>' does not contain a definition for 'RelatedTableName' and no accessible extension method 'RelatedTableName' accepting a first argument of type 'List<DineInOrderDetails>' could be found (are you missing a using directive or an assembly reference?) [F:\PointOfSaleProject\src\ERPFront\ERPFront.csproj]
F:\PointOfSaleProject\src\ERPFront\Components\DineInComponents\MenuButtons.razor.cs(82,34): error CS1061: 'List<DineInOrderDetails>' does not contain a definition for 'BasicOrderDetails' and no accessible extension method 'BasicOrderDetails' accepting a first argument of type 'List<DineInOrderDetails>' could be found (are you missing a using directive or an assembly reference?) [F:\PointOfSaleProject\src\ERPFront\ERPFront.csproj]
F:\PointOfSaleProject\src\ERPFront\Components\DineInComponents\MenuButtons.razor.cs(84,34): error CS1061: 'List<DineInOrderDetails>' does not contain a definition for 'BasicOrderDetails' and no accessible extension method 'BasicOrderDetails' accepting a first argument of type 'List<DineInOrderDetails>' could be found (are you missing a using directive or an assembly reference?) [F:\PointOfSaleProject\src\ERPFront\ERPFront.csproj]
F:\PointOfSaleProject\src\ERPFront\Components\DineInComponents\MenuButtons.razor.cs(85,34): error CS1061: 'List<DineInOrderDetails>' does not contain a definition for 'BasicOrderDetails' and no accessible extension method 'BasicOrderDetails' accepting a first argument of type 'List<DineInOrderDetails>' could be found (are you missing a using directive or an assembly reference?) [F:\PointOfSaleProject\src\ERPFront\ERPFront.csproj]
F:\PointOfSaleProject\src\ERPFront\Components\DineInComponents\MenuButtons.razor.cs(85,71): error CS1061: 'List<DineInOrderDetails>' does not contain a definition for 'BasicOrderDetails' and no accessible extension method 'BasicOrderDetails' accepting a first argument of type 'List<DineInOrderDetails>' could be found (are you missing a using directive or an assembly reference?) [F:\PointOfSaleProject\src\ERPFront\ERPFront.csproj]
F:\PointOfSaleProject\src\ERPFront\Components\DineInComponents\MenuButtons.razor.cs(88,30): error CS1061: 'List<DineInOrderDetails>' does not contain a definition for 'RelatedTableName' and no accessible extension method 'RelatedTableName' accepting a first argument of type 'List<DineInOrderDetails>' could be found (are you missing a using directive or an assembly reference?) [F:\PointOfSaleProject\src\ERPFront\ERPFront.csproj]
F:\PointOfSaleProject\src\ERPFront\Components\DineInComponents\MenuButtons.razor.cs(88,66): error CS1061: 'List<DineInOrderDetails>' does not contain a definition for 'RelatedTableName' and no accessible extension method 'RelatedTableName' accepting a first argument of type 'List<DineInOrderDetails>' could be found (are you missing a using directive or an assembly reference?) [F:\PointOfSaleProject\src\ERPFront\ERPFront.csproj]
F:\PointOfSaleProject\src\ERPFront\Components\Pages\DineInOrderPages\DineIn.razor.cs(121,9): error CS0103: The name '_services' does not exist in the current context [F:\PointOfSaleProject\src\ERPFront\ERPFront.csproj]
F:\PointOfSaleProject\src\ERPFront\Components\DineInComponents\TransferTable.razor.cs(17,53): error CS1061: 'List<DineInOrderDetails>' does not contain a definition for 'RelatedTableName' and no accessible extension method 'RelatedTableName' accepting a first argument of type 'List<DineInOrderDetails>' could be found (are you missing a using directive or an assembly reference?) [F:\PointOfSaleProject\src\ERPFront\ERPFront.csproj]
F:\PointOfSaleProject\src\ERPFront\Components\Pages\DineInOrderPages\DineIn.razor.cs(128,28): error CS0103: The name '_dialogService' does not exist in the current context [F:\PointOfSaleProject\src\ERPFront\ERPFront.csproj]
F:\PointOfSaleProject\src\ERPFront\Components\Pages\DineInOrderPages\DineIn.razor.cs(128,53): error CS0246: The type or namespace name 'MultipleOrdersDialog' could not be found (are you missing a using directive or an assembly reference?) [F:\PointOfSaleProject\src\ERPFront\ERPFront.csproj]
F:\PointOfSaleProject\src\ERPFront\Components\Pages\DineInOrderPages\DineIn.razor.cs(133,30): error CS0165: Use of unassigned local variable 'selectedOrder' [F:\PointOfSaleProject\src\ERPFront\ERPFront.csproj]
F:\PointOfSaleProject\src\ERPFront\Components\DineInComponents\TransferTable.razor.cs(57,25): error CS1061: 'List<DineInOrderDetails>' does not contain a definition for 'RelatedTableId' and no accessible extension method 'RelatedTableId' accepting a first argument of type 'List<DineInOrderDetails>' could be found (are you missing a using directive or an assembly reference?) [F:\PointOfSaleProject\src\ERPFront\ERPFront.csproj]
F:\PointOfSaleProject\src\ERPFront\Components\DineInComponents\TransferTable.razor.cs(58,25): error CS1061: 'List<DineInOrderDetails>' does not contain a definition for 'RelatedTableName' and no accessible extension method 'RelatedTableName' accepting a first argument of type 'List<DineInOrderDetails>' could be found (are you missing a using directive or an assembly reference?) [F:\PointOfSaleProject\src\ERPFront\ERPFront.csproj]
F:\PointOfSaleProject\src\ERPFront\Components\Pages\DineInOrderPages\DineIn.razor(60,48): error CS0103: The name 'GetButtonClass' does not exist in the current context [F:\PointOfSaleProject\src\ERPFront\ERPFront.csproj]
    60 Warning(s)
    22 Error(s)

Time Elapsed 00:00:02.62

Workload updates are available. Run `dotnet workload list` for more information.
