  Determining projects to restore...
  All projects are up-to-date for restore.
  POS.Contract -> F:\PointOfSaleProject\src\Contract.Common\bin\Debug\net8.0\POS.Contract.dll
  POS.Authorization -> F:\PointOfSaleProject\src\POS.Authorization\bin\Debug\net8.0\POS.Authorization.dll
  POS.Reports -> F:\PointOfSaleProject\src\POS.Reports\bin\Debug\net8.0\POS.Reports.dll
  BlazorBase -> F:\PointOfSaleProject\src\Common\BlazorBase\bin\Debug\net8.0\BlazorBase.dll
  POS.Core -> F:\PointOfSaleProject\src\POS.Core\bin\Debug\net8.0\POS.Core.dll
  Pos.Repository -> F:\PointOfSaleProject\src\Pos.Repository\bin\Debug\net8.0\Pos.Repository.dll
  POS.Services -> F:\PointOfSaleProject\src\POS.Services\bin\Debug\net8.0\POS.Services.dll
F:\PointOfSaleProject\src\ERPFront\Components\DineInComponents\MenuButtons.razor.cs(103,22): error CS0246: The type or namespace name 'IDineInOrderFrontService' could not be found (are you missing a using directive or an assembly reference?) [F:\PointOfSaleProject\src\ERPFront\ERPFront.csproj]
F:\PointOfSaleProject\src\ERPFront\Components\DineInComponents\MenuButtons.razor.cs(105,22): error CS0246: The type or namespace name 'IPrintOrderService' could not be found (are you missing a using directive or an assembly reference?) [F:\PointOfSaleProject\src\ERPFront\ERPFront.csproj]
F:\PointOfSaleProject\src\ERPFront\Components\Pages\DineInOrderPages\DineIn.razor.cs(98,22): error CS0246: The type or namespace name 'POSComponentsServices' could not be found (are you missing a using directive or an assembly reference?) [F:\PointOfSaleProject\src\ERPFront\ERPFront.csproj]
F:\PointOfSaleProject\src\ERPFront\Components\Pages\DineInOrderPages\DineIn.razor.cs(34,59): warning CS8714: The type 'T' cannot be used as type parameter 'TKey' in the generic type or method 'Dictionary<TKey, TValue>'. Nullability of type argument 'T' doesn't match 'notnull' constraint. [F:\PointOfSaleProject\src\ERPFront\ERPFront.csproj]
F:\PointOfSaleProject\src\ERPFront\Components\Pages\DineInOrderPages\DineIn.razor.cs(34,124): warning CS8714: The type 'T' cannot be used as type parameter 'TKey' in the generic type or method 'Dictionary<TKey, TValue>'. Nullability of type argument 'T' doesn't match 'notnull' constraint. [F:\PointOfSaleProject\src\ERPFront\ERPFront.csproj]
F:\PointOfSaleProject\src\ERPFront\Components\Pages\DineInOrderPages\DineIn.razor.cs(72,53): warning CS8714: The type 'T' cannot be used as type parameter 'TKey' in the generic type or method 'Dictionary<TKey, TValue>'. Nullability of type argument 'T' doesn't match 'notnull' constraint. [F:\PointOfSaleProject\src\ERPFront\ERPFront.csproj]
F:\PointOfSaleProject\src\POS.Desktop\Components\DineInComponents\MultipleOrdersDialog.razor(29,26): error CS0246: The type or namespace name 'MudDialogInstance' could not be found (are you missing a using directive or an assembly reference?) [F:\PointOfSaleProject\src\POS.Desktop\POS.Desktop_s11b3ywa_wpftmp.csproj]
F:\PointOfSaleProject\src\POS.Desktop\Components\DineInComponents\SplitOrderDialog.razor(61,26): error CS0246: The type or namespace name 'MudDialogInstance' could not be found (are you missing a using directive or an assembly reference?) [F:\PointOfSaleProject\src\POS.Desktop\POS.Desktop_s11b3ywa_wpftmp.csproj]

Build FAILED.

F:\PointOfSaleProject\src\ERPFront\Components\Pages\DineInOrderPages\DineIn.razor.cs(34,59): warning CS8714: The type 'T' cannot be used as type parameter 'TKey' in the generic type or method 'Dictionary<TKey, TValue>'. Nullability of type argument 'T' doesn't match 'notnull' constraint. [F:\PointOfSaleProject\src\ERPFront\ERPFront.csproj]
F:\PointOfSaleProject\src\ERPFront\Components\Pages\DineInOrderPages\DineIn.razor.cs(34,124): warning CS8714: The type 'T' cannot be used as type parameter 'TKey' in the generic type or method 'Dictionary<TKey, TValue>'. Nullability of type argument 'T' doesn't match 'notnull' constraint. [F:\PointOfSaleProject\src\ERPFront\ERPFront.csproj]
F:\PointOfSaleProject\src\ERPFront\Components\Pages\DineInOrderPages\DineIn.razor.cs(72,53): warning CS8714: The type 'T' cannot be used as type parameter 'TKey' in the generic type or method 'Dictionary<TKey, TValue>'. Nullability of type argument 'T' doesn't match 'notnull' constraint. [F:\PointOfSaleProject\src\ERPFront\ERPFront.csproj]
F:\PointOfSaleProject\src\ERPFront\Components\DineInComponents\MenuButtons.razor.cs(103,22): error CS0246: The type or namespace name 'IDineInOrderFrontService' could not be found (are you missing a using directive or an assembly reference?) [F:\PointOfSaleProject\src\ERPFront\ERPFront.csproj]
F:\PointOfSaleProject\src\ERPFront\Components\DineInComponents\MenuButtons.razor.cs(105,22): error CS0246: The type or namespace name 'IPrintOrderService' could not be found (are you missing a using directive or an assembly reference?) [F:\PointOfSaleProject\src\ERPFront\ERPFront.csproj]
F:\PointOfSaleProject\src\ERPFront\Components\Pages\DineInOrderPages\DineIn.razor.cs(98,22): error CS0246: The type or namespace name 'POSComponentsServices' could not be found (are you missing a using directive or an assembly reference?) [F:\PointOfSaleProject\src\ERPFront\ERPFront.csproj]
F:\PointOfSaleProject\src\POS.Desktop\Components\DineInComponents\MultipleOrdersDialog.razor(29,26): error CS0246: The type or namespace name 'MudDialogInstance' could not be found (are you missing a using directive or an assembly reference?) [F:\PointOfSaleProject\src\POS.Desktop\POS.Desktop_s11b3ywa_wpftmp.csproj]
F:\PointOfSaleProject\src\POS.Desktop\Components\DineInComponents\SplitOrderDialog.razor(61,26): error CS0246: The type or namespace name 'MudDialogInstance' could not be found (are you missing a using directive or an assembly reference?) [F:\PointOfSaleProject\src\POS.Desktop\POS.Desktop_s11b3ywa_wpftmp.csproj]
    3 Warning(s)
    5 Error(s)

Time Elapsed 00:00:03.56

Workload updates are available. Run `dotnet workload list` for more information.
